<?xml version="1.0" encoding="UTF-8"?>
<testsuite name="DnaTest" tests="5" skipped="0" failures="0" errors="0" timestamp="2021-06-28T11:13:35" hostname="pop-os" time="0.022">
  <properties/>
  <testcase name="validatesNucleotides" classname="DnaTest" time="0.011"/>
  <testcase name="canCountMultipleNucleotides" classname="DnaTest" time="0.01"/>
  <testcase name="canCountOneNucleotideInSingleCharacterInput" classname="DnaTest" time="0.0"/>
  <testcase name="emptyDnaStringHasNoNucleotides" classname="DnaTest" time="0.0"/>
  <testcase name="canCountRepeatedNucleotide" classname="DnaTest" time="0.0"/>
  <system-out><![CDATA[]]></system-out>
  <system-err><![CDATA[]]></system-err>
</testsuite>
